2024-07-25T11:36:51.425+08:00  INFO 1568 --- [scaffold] [           main] com.thinktech.Application                : Starting Application using Java 17.0.7 with PID 1568 (D:\work\workspace\idea\springboot-scaffold\target\classes started by Administrator in D:\work\workspace\idea\springboot-scaffold)
2024-07-25T11:36:51.427+08:00  INFO 1568 --- [scaffold] [           main] com.thinktech.Application                : The following 1 profile is active: "test"
2024-07-25T11:36:52.352+08:00  INFO 1568 --- [scaffold] [           main] o.s.b.w.embedded.tomcat.TomcatWebServer  : Tomcat initialized with port 8081 (http)
2024-07-25T11:36:52.370+08:00  INFO 1568 --- [scaffold] [           main] o.apache.catalina.core.StandardService   : Starting service [Tomcat]
2024-07-25T11:36:52.371+08:00  INFO 1568 --- [scaffold] [           main] o.apache.catalina.core.StandardEngine    : Starting Servlet engine: [Apache Tomcat/10.1.16]
2024-07-25T11:36:52.422+08:00  INFO 1568 --- [scaffold] [           main] o.a.c.c.C.[Tomcat].[localhost].[/]       : Initializing Spring embedded WebApplicationContext
2024-07-25T11:36:52.423+08:00  INFO 1568 --- [scaffold] [           main] w.s.c.ServletWebServerApplicationContext : Root WebApplicationContext: initialization completed in 959 ms
2024-07-25T11:36:53.315+08:00  INFO 1568 --- [scaffold] [           main] o.s.b.w.embedded.tomcat.TomcatWebServer  : Tomcat started on port 8081 (http) with context path ''
2024-07-25T11:36:53.324+08:00  INFO 1568 --- [scaffold] [           main] com.thinktech.Application                : Started Application in 2.464 seconds (process running for 2.722)
2024-07-25T11:42:58.017+08:00  INFO 1568 --- [scaffold] [ionShutdownHook] com.alibaba.druid.pool.DruidDataSource   : {dataSource-0} closing ...
2024-07-25T11:43:00.063+08:00  INFO 20440 --- [scaffold] [           main] com.thinktech.Application                : Starting Application using Java 17.0.7 with PID 20440 (D:\work\workspace\idea\springboot-scaffold\target\classes started by Administrator in D:\work\workspace\idea\springboot-scaffold)
2024-07-25T11:43:00.064+08:00  INFO 20440 --- [scaffold] [           main] com.thinktech.Application                : The following 1 profile is active: "test"
2024-07-25T11:43:00.966+08:00  INFO 20440 --- [scaffold] [           main] o.s.b.w.embedded.tomcat.TomcatWebServer  : Tomcat initialized with port 8081 (http)
2024-07-25T11:43:00.976+08:00  INFO 20440 --- [scaffold] [           main] o.apache.catalina.core.StandardService   : Starting service [Tomcat]
2024-07-25T11:43:00.977+08:00  INFO 20440 --- [scaffold] [           main] o.apache.catalina.core.StandardEngine    : Starting Servlet engine: [Apache Tomcat/10.1.16]
2024-07-25T11:43:01.024+08:00  INFO 20440 --- [scaffold] [           main] o.a.c.c.C.[Tomcat].[localhost].[/]       : Initializing Spring embedded WebApplicationContext
2024-07-25T11:43:01.024+08:00  INFO 20440 --- [scaffold] [           main] w.s.c.ServletWebServerApplicationContext : Root WebApplicationContext: initialization completed in 927 ms
2024-07-25T11:43:02.039+08:00  INFO 20440 --- [scaffold] [           main] o.s.b.w.embedded.tomcat.TomcatWebServer  : Tomcat started on port 8081 (http) with context path ''
2024-07-25T11:43:02.048+08:00  INFO 20440 --- [scaffold] [           main] com.thinktech.Application                : Started Application in 2.458 seconds (process running for 2.735)
2024-07-25T11:49:13.371+08:00  INFO 20440 --- [scaffold] [ionShutdownHook] com.alibaba.druid.pool.DruidDataSource   : {dataSource-0} closing ...
2024-07-25T11:49:16.219+08:00  INFO 13884 --- [scaffold] [           main] com.thinktech.Application                : Starting Application using Java 17.0.7 with PID 13884 (D:\work\workspace\idea\springboot-scaffold\target\classes started by Administrator in D:\work\workspace\idea\springboot-scaffold)
2024-07-25T11:49:16.220+08:00  INFO 13884 --- [scaffold] [           main] com.thinktech.Application                : The following 1 profile is active: "test"
2024-07-25T11:49:17.271+08:00  INFO 13884 --- [scaffold] [           main] o.s.b.w.embedded.tomcat.TomcatWebServer  : Tomcat initialized with port 8081 (http)
2024-07-25T11:49:17.282+08:00  INFO 13884 --- [scaffold] [           main] o.apache.catalina.core.StandardService   : Starting service [Tomcat]
2024-07-25T11:49:17.282+08:00  INFO 13884 --- [scaffold] [           main] o.apache.catalina.core.StandardEngine    : Starting Servlet engine: [Apache Tomcat/10.1.16]
2024-07-25T11:49:17.359+08:00  INFO 13884 --- [scaffold] [           main] o.a.c.c.C.[Tomcat].[localhost].[/]       : Initializing Spring embedded WebApplicationContext
2024-07-25T11:49:17.360+08:00  INFO 13884 --- [scaffold] [           main] w.s.c.ServletWebServerApplicationContext : Root WebApplicationContext: initialization completed in 1108 ms
2024-07-25T11:49:18.301+08:00  INFO 13884 --- [scaffold] [           main] o.s.b.w.embedded.tomcat.TomcatWebServer  : Tomcat started on port 8081 (http) with context path ''
2024-07-25T11:49:18.307+08:00  INFO 13884 --- [scaffold] [           main] com.thinktech.Application                : Started Application in 2.548 seconds (process running for 2.817)
2024-07-25T11:50:31.393+08:00  INFO 13884 --- [scaffold] [ionShutdownHook] com.alibaba.druid.pool.DruidDataSource   : {dataSource-0} closing ...
CONSOLE_LOG_PATTERN_IS_UNDEFINEDCONSOLE_LOG_PATTERN_IS_UNDEFINEDCONSOLE_LOG_PATTERN_IS_UNDEFINEDCONSOLE_LOG_PATTERN_IS_UNDEFINEDCONSOLE_LOG_PATTERN_IS_UNDEFINEDCONSOLE_LOG_PATTERN_IS_UNDEFINEDCONSOLE_LOG_PATTERN_IS_UNDEFINEDCONSOLE_LOG_PATTERN_IS_UNDEFINEDCONSOLE_LOG_PATTERN_IS_UNDEFINEDCONSOLE_LOG_PATTERN_IS_UNDEFINEDCONSOLE_LOG_PATTERN_IS_UNDEFINEDCONSOLE_LOG_PATTERN_IS_UNDEFINED2024-07-25T13:43:56.231+08:00  INFO 23716 --- [scaffold] [           main] com.thinktech.Application                : Starting Application using Java 17.0.7 with PID 23716 (D:\work\workspace\idea\springboot-scaffold\target\classes started by Administrator in D:\work\workspace\idea\springboot-scaffold)
2024-07-25T13:43:56.233+08:00  INFO 23716 --- [scaffold] [           main] com.thinktech.Application                : The following 1 profile is active: "test"
2024-07-25T13:43:57.168+08:00  INFO 23716 --- [scaffold] [           main] o.s.b.w.embedded.tomcat.TomcatWebServer  : Tomcat initialized with port 8081 (http)
2024-07-25T13:43:57.176+08:00  INFO 23716 --- [scaffold] [           main] o.apache.catalina.core.StandardService   : Starting service [Tomcat]
2024-07-25T13:43:57.176+08:00  INFO 23716 --- [scaffold] [           main] o.apache.catalina.core.StandardEngine    : Starting Servlet engine: [Apache Tomcat/10.1.16]
2024-07-25T13:43:57.241+08:00  INFO 23716 --- [scaffold] [           main] o.a.c.c.C.[Tomcat].[localhost].[/]       : Initializing Spring embedded WebApplicationContext
2024-07-25T13:43:57.242+08:00  INFO 23716 --- [scaffold] [           main] w.s.c.ServletWebServerApplicationContext : Root WebApplicationContext: initialization completed in 979 ms
2024-07-25T13:43:58.112+08:00  INFO 23716 --- [scaffold] [           main] o.s.b.w.embedded.tomcat.TomcatWebServer  : Tomcat started on port 8081 (http) with context path ''
2024-07-25T13:43:58.119+08:00  INFO 23716 --- [scaffold] [           main] com.thinktech.Application                : Started Application in 2.362 seconds (process running for 2.63)
